<?xml version="1.0" encoding="UTF-8"?>
<!-- Generated by org.testng.reporters.JUnitReportReporter -->
<testsuite name="com.TestNGScript.file.LoginTanmay" tests="1" time="10.085" ignored="0" failures="0" timestamp="04 Feb 2019 07:14:38 GMT" skipped="0" hostname="Chandan-PC" errors="0">
  <testcase name="login" time="10.085" classname="com.TestNGScript.file.LoginTanmay"/>
</testsuite> <!-- com.TestNGScript.file.LoginTanmay -->
