<?xml version="1.0" encoding="UTF-8"?>
<!-- Generated by org.testng.reporters.JUnitReportReporter -->
<testsuite name="com.TestNGScript.file.HomeAmazon" tests="1" time="50.155" ignored="0" failures="0" timestamp="04 Feb 2019 07:15:54 GMT" skipped="0" hostname="Chandan-PC" errors="0">
  <testcase name="homepage" time="50.155" classname="com.TestNGScript.file.HomeAmazon"/>
</testsuite> <!-- com.TestNGScript.file.HomeAmazon -->
